【羊了个羊一键闯关启动】
...第1次尝试完成闯关...
生成随机时间间隔，防止游戏服务器接口限流导致失败 : 3 s
生成随机闯关完成耗时: 2828 s
[1;36m恭喜你! 本次闯关羊群状态成功[0m
[1;36m恭喜你! 本次闯关话题状态成功[0m
[4;32m已成功完成1次[0m
...第2次尝试完成闯关...
生成随机时间间隔，防止游戏服务器接口限流导致失败 : 2 s
[1;36m恭喜你! 本次闯关羊群状态成功[0m
[1;36m恭喜你! 本次闯关话题状态成功[0m
[4;32m已成功完成2次[0m
...第3次尝试完成闯关...
生成随机时间间隔，防止游戏服务器接口限流导致失败 : 5 s
[1;36m恭喜你! 本次闯关羊群状态成功[0m
[1;36m恭喜你! 本次闯关话题状态成功[0m
[4;32m已成功完成3次[0m
...第4次尝试完成闯关...
生成随机时间间隔，防止游戏服务器接口限流导致失败 : 3 s
[1;36m恭喜你! 本次闯关羊群状态成功[0m
[1;36m恭喜你! 本次闯关话题状态成功[0m
[4;32m已成功完成4次[0m
...第5次尝试完成闯关...
生成随机时间间隔，防止游戏服务器接口限流导致失败 : 4 s
[1;36m恭喜你! 本次闯关羊群状态成功[0m
[1;36m恭喜你! 本次闯关话题状态成功[0m
[4;32m已成功完成5次[0m
...第6次尝试完成闯关...
生成随机时间间隔，防止游戏服务器接口限流导致失败 : 3 s
[1;36m恭喜你! 本次闯关羊群状态成功[0m
[1;36m恭喜你! 本次闯关话题状态成功[0m
[4;32m已成功完成6次[0m
...第7次尝试完成闯关...
生成随机时间间隔，防止游戏服务器接口限流导致失败 : 2 s
[1;36m恭喜你! 本次闯关羊群状态成功[0m
[1;36m恭喜你! 本次闯关话题状态成功[0m
[4;32m已成功完成7次[0m
...第8次尝试完成闯关...
生成随机时间间隔，防止游戏服务器接口限流导致失败 : 6 s
[1;36m恭喜你! 本次闯关羊群状态成功[0m
[1;36m恭喜你! 本次闯关话题状态成功[0m
[4;32m已成功完成8次[0m
...第9次尝试完成闯关...
生成随机时间间隔，防止游戏服务器接口限流导致失败 : 5 s
[1;36m恭喜你! 本次闯关羊群状态成功[0m
[1;36m恭喜你! 本次闯关话题状态成功[0m
[4;32m已成功完成9次[0m
...第10次尝试完成闯关...
生成随机时间间隔，防止游戏服务器接口限流导致失败 : 4 s
[1;36m恭喜你! 本次闯关羊群状态成功[0m
[1;36m恭喜你! 本次闯关话题状态成功[0m
[4;32m已成功完成10次[0m
...第11次尝试完成闯关...
生成随机时间间隔，防止游戏服务器接口限流导致失败 : 5 s
[1;36m恭喜你! 本次闯关羊群状态成功[0m
[1;36m恭喜你! 本次闯关话题状态成功[0m
[4;32m已成功完成11次[0m
...第12次尝试完成闯关...
生成随机时间间隔，防止游戏服务器接口限流导致失败 : 3 s
[1;36m恭喜你! 本次闯关羊群状态成功[0m
[1;36m恭喜你! 本次闯关话题状态成功[0m
[4;32m已成功完成12次[0m
...第13次尝试完成闯关...
生成随机时间间隔，防止游戏服务器接口限流导致失败 : 5 s
[1;36m恭喜你! 本次闯关羊群状态成功[0m
[1;36m恭喜你! 本次闯关话题状态成功[0m
[4;32m已成功完成13次[0m
...第14次尝试完成闯关...
生成随机时间间隔，防止游戏服务器接口限流导致失败 : 3 s
[1;36m恭喜你! 本次闯关羊群状态成功[0m
[1;36m恭喜你! 本次闯关话题状态成功[0m
[4;32m已成功完成14次[0m
...第15次尝试完成闯关...
生成随机时间间隔，防止游戏服务器接口限流导致失败 : 2 s
[1;36m恭喜你! 本次闯关羊群状态成功[0m
[1;36m恭喜你! 本次闯关话题状态成功[0m
[4;32m已成功完成15次[0m
...第16次尝试完成闯关...
生成随机时间间隔，防止游戏服务器接口限流导致失败 : 6 s
[1;36m恭喜你! 本次闯关羊群状态成功[0m
[1;36m恭喜你! 本次闯关话题状态成功[0m
[4;32m已成功完成16次[0m
...第17次尝试完成闯关...
生成随机时间间隔，防止游戏服务器接口限流导致失败 : 5 s
[1;36m恭喜你! 本次闯关羊群状态成功[0m
[1;36m恭喜你! 本次闯关话题状态成功[0m
[4;32m已成功完成17次[0m
...第18次尝试完成闯关...
生成随机时间间隔，防止游戏服务器接口限流导致失败 : 2 s
[1;36m恭喜你! 本次闯关羊群状态成功[0m
[1;36m恭喜你! 本次闯关话题状态成功[0m
[4;32m已成功完成18次[0m
...第19次尝试完成闯关...
生成随机时间间隔，防止游戏服务器接口限流导致失败 : 6 s
[1;36m恭喜你! 本次闯关羊群状态成功[0m
[1;36m恭喜你! 本次闯关话题状态成功[0m
[4;32m已成功完成19次[0m
...第20次尝试完成闯关...
生成随机时间间隔，防止游戏服务器接口限流导致失败 : 2 s
[1;36m恭喜你! 本次闯关羊群状态成功[0m
[1;36m恭喜你! 本次闯关话题状态成功[0m
[4;32m已成功完成20次[0m
...第21次尝试完成闯关...
生成随机时间间隔，防止游戏服务器接口限流导致失败 : 6 s
[1;36m恭喜你! 本次闯关羊群状态成功[0m
[1;36m恭喜你! 本次闯关话题状态成功[0m
[4;32m已成功完成21次[0m
...第22次尝试完成闯关...
生成随机时间间隔，防止游戏服务器接口限流导致失败 : 4 s
[1;36m恭喜你! 本次闯关羊群状态成功[0m
[1;36m恭喜你! 本次闯关话题状态成功[0m
[4;32m已成功完成22次[0m
...第23次尝试完成闯关...
生成随机时间间隔，防止游戏服务器接口限流导致失败 : 5 s
[1;36m恭喜你! 本次闯关羊群状态成功[0m
[1;36m恭喜你! 本次闯关话题状态成功[0m
[4;32m已成功完成23次[0m
...第24次尝试完成闯关...
生成随机时间间隔，防止游戏服务器接口限流导致失败 : 2 s
[1;36m恭喜你! 本次闯关羊群状态成功[0m
[1;36m恭喜你! 本次闯关话题状态成功[0m
[4;32m已成功完成24次[0m
...第25次尝试完成闯关...
生成随机时间间隔，防止游戏服务器接口限流导致失败 : 5 s
[1;36m恭喜你! 本次闯关羊群状态成功[0m
[1;36m恭喜你! 本次闯关话题状态成功[0m
[4;32m已成功完成25次[0m
...第26次尝试完成闯关...
生成随机时间间隔，防止游戏服务器接口限流导致失败 : 2 s
[1;36m恭喜你! 本次闯关羊群状态成功[0m
[1;36m恭喜你! 本次闯关话题状态成功[0m
[4;32m已成功完成26次[0m
...第27次尝试完成闯关...
生成随机时间间隔，防止游戏服务器接口限流导致失败 : 3 s
[1;36m恭喜你! 本次闯关羊群状态成功[0m
[1;36m恭喜你! 本次闯关话题状态成功[0m
[4;32m已成功完成27次[0m
...第28次尝试完成闯关...
生成随机时间间隔，防止游戏服务器接口限流导致失败 : 5 s
[1;36m恭喜你! 本次闯关羊群状态成功[0m
[1;36m恭喜你! 本次闯关话题状态成功[0m
[4;32m已成功完成28次[0m
...第29次尝试完成闯关...
生成随机时间间隔，防止游戏服务器接口限流导致失败 : 6 s
[1;36m恭喜你! 本次闯关羊群状态成功[0m
[1;36m恭喜你! 本次闯关话题状态成功[0m
[4;32m已成功完成29次[0m
...第30次尝试完成闯关...
生成随机时间间隔，防止游戏服务器接口限流导致失败 : 6 s
[1;36m恭喜你! 本次闯关羊群状态成功[0m
[1;36m恭喜你! 本次闯关话题状态成功[0m
[4;32m已成功完成30次[0m
...第31次尝试完成闯关...
生成随机时间间隔，防止游戏服务器接口限流导致失败 : 2 s
[1;36m恭喜你! 本次闯关羊群状态成功[0m
[1;36m恭喜你! 本次闯关话题状态成功[0m
[4;32m已成功完成31次[0m
...第32次尝试完成闯关...
生成随机时间间隔，防止游戏服务器接口限流导致失败 : 2 s
[1;36m恭喜你! 本次闯关羊群状态成功[0m
[1;36m恭喜你! 本次闯关话题状态成功[0m
[4;32m已成功完成32次[0m
...第33次尝试完成闯关...
生成随机时间间隔，防止游戏服务器接口限流导致失败 : 4 s
[1;36m恭喜你! 本次闯关羊群状态成功[0m
[1;36m恭喜你! 本次闯关话题状态成功[0m
[4;32m已成功完成33次[0m
...第34次尝试完成闯关...
生成随机时间间隔，防止游戏服务器接口限流导致失败 : 2 s
[1;36m恭喜你! 本次闯关羊群状态成功[0m
[1;36m恭喜你! 本次闯关话题状态成功[0m
[4;32m已成功完成34次[0m
...第35次尝试完成闯关...
生成随机时间间隔，防止游戏服务器接口限流导致失败 : 3 s
[1;36m恭喜你! 本次闯关羊群状态成功[0m
[1;36m恭喜你! 本次闯关话题状态成功[0m
[4;32m已成功完成35次[0m
...第36次尝试完成闯关...
生成随机时间间隔，防止游戏服务器接口限流导致失败 : 3 s
[1;36m恭喜你! 本次闯关羊群状态成功[0m
[1;36m恭喜你! 本次闯关话题状态成功[0m
[4;32m已成功完成36次[0m
...第37次尝试完成闯关...
生成随机时间间隔，防止游戏服务器接口限流导致失败 : 6 s
[1;36m恭喜你! 本次闯关羊群状态成功[0m
[1;36m恭喜你! 本次闯关话题状态成功[0m
[4;32m已成功完成37次[0m
...第38次尝试完成闯关...
生成随机时间间隔，防止游戏服务器接口限流导致失败 : 6 s
[1;36m恭喜你! 本次闯关羊群状态成功[0m
[1;36m恭喜你! 本次闯关话题状态成功[0m
[4;32m已成功完成38次[0m
...第39次尝试完成闯关...
生成随机时间间隔，防止游戏服务器接口限流导致失败 : 2 s
[1;36m恭喜你! 本次闯关羊群状态成功[0m
[1;36m恭喜你! 本次闯关话题状态成功[0m
[4;32m已成功完成39次[0m
...第40次尝试完成闯关...
生成随机时间间隔，防止游戏服务器接口限流导致失败 : 4 s
[1;36m恭喜你! 本次闯关羊群状态成功[0m
[1;36m恭喜你! 本次闯关话题状态成功[0m
[4;32m已成功完成40次[0m
...第41次尝试完成闯关...
生成随机时间间隔，防止游戏服务器接口限流导致失败 : 2 s
[1;36m恭喜你! 本次闯关羊群状态成功[0m
[1;36m恭喜你! 本次闯关话题状态成功[0m
[4;32m已成功完成41次[0m
...第42次尝试完成闯关...
生成随机时间间隔，防止游戏服务器接口限流导致失败 : 3 s
[1;36m恭喜你! 本次闯关羊群状态成功[0m
[1;36m恭喜你! 本次闯关话题状态成功[0m
[4;32m已成功完成42次[0m
...第43次尝试完成闯关...
生成随机时间间隔，防止游戏服务器接口限流导致失败 : 6 s
[1;36m恭喜你! 本次闯关羊群状态成功[0m
[1;36m恭喜你! 本次闯关话题状态成功[0m
[4;32m已成功完成43次[0m
...第44次尝试完成闯关...
生成随机时间间隔，防止游戏服务器接口限流导致失败 : 6 s
[1;36m恭喜你! 本次闯关羊群状态成功[0m
[1;36m恭喜你! 本次闯关话题状态成功[0m
[4;32m已成功完成44次[0m
...第45次尝试完成闯关...
生成随机时间间隔，防止游戏服务器接口限流导致失败 : 3 s
[1;36m恭喜你! 本次闯关羊群状态成功[0m
[1;36m恭喜你! 本次闯关话题状态成功[0m
[4;32m已成功完成45次[0m
...第46次尝试完成闯关...
生成随机时间间隔，防止游戏服务器接口限流导致失败 : 5 s
[1;36m恭喜你! 本次闯关羊群状态成功[0m
[1;36m恭喜你! 本次闯关话题状态成功[0m
[4;32m已成功完成46次[0m
...第47次尝试完成闯关...
生成随机时间间隔，防止游戏服务器接口限流导致失败 : 5 s
[1;36m恭喜你! 本次闯关羊群状态成功[0m
[1;36m恭喜你! 本次闯关话题状态成功[0m
[4;32m已成功完成47次[0m
...第48次尝试完成闯关...
生成随机时间间隔，防止游戏服务器接口限流导致失败 : 5 s
[1;36m恭喜你! 本次闯关羊群状态成功[0m
[1;36m恭喜你! 本次闯关话题状态成功[0m
[4;32m已成功完成48次[0m
...第49次尝试完成闯关...
生成随机时间间隔，防止游戏服务器接口限流导致失败 : 5 s
[1;36m恭喜你! 本次闯关羊群状态成功[0m
[1;36m恭喜你! 本次闯关话题状态成功[0m
[4;32m已成功完成49次[0m
...第50次尝试完成闯关...
生成随机时间间隔，防止游戏服务器接口限流导致失败 : 2 s
[1;36m恭喜你! 本次闯关羊群状态成功[0m
[1;36m恭喜你! 本次闯关话题状态成功[0m
[4;32m已成功完成50次[0m
...第51次尝试完成闯关...
生成随机时间间隔，防止游戏服务器接口限流导致失败 : 5 s
[1;36m恭喜你! 本次闯关羊群状态成功[0m
[1;36m恭喜你! 本次闯关话题状态成功[0m
[4;32m已成功完成51次[0m
...第52次尝试完成闯关...
生成随机时间间隔，防止游戏服务器接口限流导致失败 : 3 s
[1;36m恭喜你! 本次闯关羊群状态成功[0m
[1;36m恭喜你! 本次闯关话题状态成功[0m
[4;32m已成功完成52次[0m
...第53次尝试完成闯关...
生成随机时间间隔，防止游戏服务器接口限流导致失败 : 6 s
[1;36m恭喜你! 本次闯关羊群状态成功[0m
[1;36m恭喜你! 本次闯关话题状态成功[0m
[4;32m已成功完成53次[0m
...第54次尝试完成闯关...
生成随机时间间隔，防止游戏服务器接口限流导致失败 : 5 s
[1;36m恭喜你! 本次闯关羊群状态成功[0m
[1;36m恭喜你! 本次闯关话题状态成功[0m
[4;32m已成功完成54次[0m
...第55次尝试完成闯关...
生成随机时间间隔，防止游戏服务器接口限流导致失败 : 2 s
[1;36m恭喜你! 本次闯关羊群状态成功[0m
[1;36m恭喜你! 本次闯关话题状态成功[0m
[4;32m已成功完成55次[0m
...第56次尝试完成闯关...
生成随机时间间隔，防止游戏服务器接口限流导致失败 : 4 s
[1;36m恭喜你! 本次闯关羊群状态成功[0m
[1;36m恭喜你! 本次闯关话题状态成功[0m
[4;32m已成功完成56次[0m
...第57次尝试完成闯关...
生成随机时间间隔，防止游戏服务器接口限流导致失败 : 3 s
[1;36m恭喜你! 本次闯关羊群状态成功[0m
[1;36m恭喜你! 本次闯关话题状态成功[0m
[4;32m已成功完成57次[0m
...第58次尝试完成闯关...
生成随机时间间隔，防止游戏服务器接口限流导致失败 : 6 s
[1;36m恭喜你! 本次闯关羊群状态成功[0m
[1;36m恭喜你! 本次闯关话题状态成功[0m
[4;32m已成功完成58次[0m
...第59次尝试完成闯关...
生成随机时间间隔，防止游戏服务器接口限流导致失败 : 3 s
[1;36m恭喜你! 本次闯关羊群状态成功[0m
[1;36m恭喜你! 本次闯关话题状态成功[0m
[4;32m已成功完成59次[0m
...第60次尝试完成闯关...
生成随机时间间隔，防止游戏服务器接口限流导致失败 : 5 s
[1;36m恭喜你! 本次闯关羊群状态成功[0m
[1;36m恭喜你! 本次闯关话题状态成功[0m
[4;32m已成功完成60次[0m
...第61次尝试完成闯关...
生成随机时间间隔，防止游戏服务器接口限流导致失败 : 5 s
[1;36m恭喜你! 本次闯关羊群状态成功[0m
[1;36m恭喜你! 本次闯关话题状态成功[0m
[4;32m已成功完成61次[0m
...第62次尝试完成闯关...
生成随机时间间隔，防止游戏服务器接口限流导致失败 : 3 s
[1;36m恭喜你! 本次闯关羊群状态成功[0m
[1;36m恭喜你! 本次闯关话题状态成功[0m
[4;32m已成功完成62次[0m
...第63次尝试完成闯关...
生成随机时间间隔，防止游戏服务器接口限流导致失败 : 3 s
[1;36m恭喜你! 本次闯关羊群状态成功[0m
[1;36m恭喜你! 本次闯关话题状态成功[0m
[4;32m已成功完成63次[0m
...第64次尝试完成闯关...
生成随机时间间隔，防止游戏服务器接口限流导致失败 : 2 s
[1;36m恭喜你! 本次闯关羊群状态成功[0m
[1;36m恭喜你! 本次闯关话题状态成功[0m
[4;32m已成功完成64次[0m
...第65次尝试完成闯关...
生成随机时间间隔，防止游戏服务器接口限流导致失败 : 2 s
[1;36m恭喜你! 本次闯关羊群状态成功[0m
[1;36m恭喜你! 本次闯关话题状态成功[0m
[4;32m已成功完成65次[0m
...第66次尝试完成闯关...
生成随机时间间隔，防止游戏服务器接口限流导致失败 : 2 s
[1;36m恭喜你! 本次闯关羊群状态成功[0m
[1;36m恭喜你! 本次闯关话题状态成功[0m
[4;32m已成功完成66次[0m
...第67次尝试完成闯关...
生成随机时间间隔，防止游戏服务器接口限流导致失败 : 3 s
[1;36m恭喜你! 本次闯关羊群状态成功[0m
[1;36m恭喜你! 本次闯关话题状态成功[0m
[4;32m已成功完成67次[0m
...第68次尝试完成闯关...
生成随机时间间隔，防止游戏服务器接口限流导致失败 : 3 s
[1;36m恭喜你! 本次闯关羊群状态成功[0m
[1;36m恭喜你! 本次闯关话题状态成功[0m
[4;32m已成功完成68次[0m
...第69次尝试完成闯关...
生成随机时间间隔，防止游戏服务器接口限流导致失败 : 6 s
[1;36m恭喜你! 本次闯关羊群状态成功[0m
[1;36m恭喜你! 本次闯关话题状态成功[0m
[4;32m已成功完成69次[0m
...第70次尝试完成闯关...
生成随机时间间隔，防止游戏服务器接口限流导致失败 : 2 s
[1;36m恭喜你! 本次闯关羊群状态成功[0m
[1;36m恭喜你! 本次闯关话题状态成功[0m
[4;32m已成功完成70次[0m
...第71次尝试完成闯关...
生成随机时间间隔，防止游戏服务器接口限流导致失败 : 3 s
[1;36m恭喜你! 本次闯关羊群状态成功[0m
[1;36m恭喜你! 本次闯关话题状态成功[0m
[4;32m已成功完成71次[0m
...第72次尝试完成闯关...
生成随机时间间隔，防止游戏服务器接口限流导致失败 : 6 s
[1;36m恭喜你! 本次闯关羊群状态成功[0m
[1;36m恭喜你! 本次闯关话题状态成功[0m
[4;32m已成功完成72次[0m
...第73次尝试完成闯关...
生成随机时间间隔，防止游戏服务器接口限流导致失败 : 4 s
[1;36m恭喜你! 本次闯关羊群状态成功[0m
[1;36m恭喜你! 本次闯关话题状态成功[0m
[4;32m已成功完成73次[0m
...第74次尝试完成闯关...
生成随机时间间隔，防止游戏服务器接口限流导致失败 : 6 s
[1;36m恭喜你! 本次闯关羊群状态成功[0m
[1;36m恭喜你! 本次闯关话题状态成功[0m
[4;32m已成功完成74次[0m
...第75次尝试完成闯关...
生成随机时间间隔，防止游戏服务器接口限流导致失败 : 6 s
[1;36m恭喜你! 本次闯关羊群状态成功[0m
[1;36m恭喜你! 本次闯关话题状态成功[0m
[4;32m已成功完成75次[0m
...第76次尝试完成闯关...
生成随机时间间隔，防止游戏服务器接口限流导致失败 : 5 s
[1;36m恭喜你! 本次闯关羊群状态成功[0m
[1;36m恭喜你! 本次闯关话题状态成功[0m
[4;32m已成功完成76次[0m
...第77次尝试完成闯关...
生成随机时间间隔，防止游戏服务器接口限流导致失败 : 2 s
[1;36m恭喜你! 本次闯关羊群状态成功[0m
[1;36m恭喜你! 本次闯关话题状态成功[0m
[4;32m已成功完成77次[0m
...第78次尝试完成闯关...
生成随机时间间隔，防止游戏服务器接口限流导致失败 : 2 s
[1;36m恭喜你! 本次闯关羊群状态成功[0m
[1;36m恭喜你! 本次闯关话题状态成功[0m
[4;32m已成功完成78次[0m
...第79次尝试完成闯关...
生成随机时间间隔，防止游戏服务器接口限流导致失败 : 5 s
[1;36m恭喜你! 本次闯关羊群状态成功[0m
[1;36m恭喜你! 本次闯关话题状态成功[0m
[4;32m已成功完成79次[0m
...第80次尝试完成闯关...
生成随机时间间隔，防止游戏服务器接口限流导致失败 : 4 s
[1;36m恭喜你! 本次闯关羊群状态成功[0m
[1;36m恭喜你! 本次闯关话题状态成功[0m
[4;32m已成功完成80次[0m
...第81次尝试完成闯关...
生成随机时间间隔，防止游戏服务器接口限流导致失败 : 3 s
[1;36m恭喜你! 本次闯关羊群状态成功[0m
[1;36m恭喜你! 本次闯关话题状态成功[0m
[4;32m已成功完成81次[0m
...第82次尝试完成闯关...
生成随机时间间隔，防止游戏服务器接口限流导致失败 : 3 s
[1;36m恭喜你! 本次闯关羊群状态成功[0m
[1;36m恭喜你! 本次闯关话题状态成功[0m
[4;32m已成功完成82次[0m
...第83次尝试完成闯关...
生成随机时间间隔，防止游戏服务器接口限流导致失败 : 4 s
[1;36m恭喜你! 本次闯关羊群状态成功[0m
[1;36m恭喜你! 本次闯关话题状态成功[0m
[4;32m已成功完成83次[0m
...第84次尝试完成闯关...
生成随机时间间隔，防止游戏服务器接口限流导致失败 : 3 s
[1;36m恭喜你! 本次闯关羊群状态成功[0m
[1;36m恭喜你! 本次闯关话题状态成功[0m
[4;32m已成功完成84次[0m
...第85次尝试完成闯关...
生成随机时间间隔，防止游戏服务器接口限流导致失败 : 2 s
[1;36m恭喜你! 本次闯关羊群状态成功[0m
[1;36m恭喜你! 本次闯关话题状态成功[0m
[4;32m已成功完成85次[0m
...第86次尝试完成闯关...
生成随机时间间隔，防止游戏服务器接口限流导致失败 : 4 s
[1;36m恭喜你! 本次闯关羊群状态成功[0m
[1;36m恭喜你! 本次闯关话题状态成功[0m
[4;32m已成功完成86次[0m
...第87次尝试完成闯关...
生成随机时间间隔，防止游戏服务器接口限流导致失败 : 4 s
[1;36m恭喜你! 本次闯关羊群状态成功[0m
[1;36m恭喜你! 本次闯关话题状态成功[0m
[4;32m已成功完成87次[0m
...第88次尝试完成闯关...
生成随机时间间隔，防止游戏服务器接口限流导致失败 : 4 s
[1;36m恭喜你! 本次闯关羊群状态成功[0m
[1;36m恭喜你! 本次闯关话题状态成功[0m
[4;32m已成功完成88次[0m
...第89次尝试完成闯关...
生成随机时间间隔，防止游戏服务器接口限流导致失败 : 4 s
[1;36m恭喜你! 本次闯关羊群状态成功[0m
[1;36m恭喜你! 本次闯关话题状态成功[0m
[4;32m已成功完成89次[0m
...第90次尝试完成闯关...
生成随机时间间隔，防止游戏服务器接口限流导致失败 : 2 s
[1;36m恭喜你! 本次闯关羊群状态成功[0m
[1;36m恭喜你! 本次闯关话题状态成功[0m
[4;32m已成功完成90次[0m
...第91次尝试完成闯关...
生成随机时间间隔，防止游戏服务器接口限流导致失败 : 2 s
[1;36m恭喜你! 本次闯关羊群状态成功[0m
[1;36m恭喜你! 本次闯关话题状态成功[0m
[4;32m已成功完成91次[0m
...第92次尝试完成闯关...
生成随机时间间隔，防止游戏服务器接口限流导致失败 : 6 s
[1;36m恭喜你! 本次闯关羊群状态成功[0m
[1;36m恭喜你! 本次闯关话题状态成功[0m
[4;32m已成功完成92次[0m
...第93次尝试完成闯关...
生成随机时间间隔，防止游戏服务器接口限流导致失败 : 3 s
[1;36m恭喜你! 本次闯关羊群状态成功[0m
[1;36m恭喜你! 本次闯关话题状态成功[0m
[4;32m已成功完成93次[0m
...第94次尝试完成闯关...
生成随机时间间隔，防止游戏服务器接口限流导致失败 : 6 s
[1;36m恭喜你! 本次闯关羊群状态成功[0m
[1;36m恭喜你! 本次闯关话题状态成功[0m
[4;32m已成功完成94次[0m
...第95次尝试完成闯关...
生成随机时间间隔，防止游戏服务器接口限流导致失败 : 4 s
[1;36m恭喜你! 本次闯关羊群状态成功[0m
[1;36m恭喜你! 本次闯关话题状态成功[0m
[4;32m已成功完成95次[0m
...第96次尝试完成闯关...
生成随机时间间隔，防止游戏服务器接口限流导致失败 : 6 s
[1;36m恭喜你! 本次闯关羊群状态成功[0m
[1;36m恭喜你! 本次闯关话题状态成功[0m
[4;32m已成功完成96次[0m
...第97次尝试完成闯关...
生成随机时间间隔，防止游戏服务器接口限流导致失败 : 5 s
[1;36m恭喜你! 本次闯关羊群状态成功[0m
[1;36m恭喜你! 本次闯关话题状态成功[0m
[4;32m已成功完成97次[0m
...第98次尝试完成闯关...
生成随机时间间隔，防止游戏服务器接口限流导致失败 : 3 s
[1;36m恭喜你! 本次闯关羊群状态成功[0m
[1;36m恭喜你! 本次闯关话题状态成功[0m
[4;32m已成功完成98次[0m
...第99次尝试完成闯关...
生成随机时间间隔，防止游戏服务器接口限流导致失败 : 2 s
[1;36m恭喜你! 本次闯关羊群状态成功[0m
[1;36m恭喜你! 本次闯关话题状态成功[0m
[4;32m已成功完成99次[0m
...第100次尝试完成闯关...
生成随机时间间隔，防止游戏服务器接口限流导致失败 : 4 s
[1;36m恭喜你! 本次闯关羊群状态成功[0m
[1;36m恭喜你! 本次闯关话题状态成功[0m
[4;32m已成功完成100次[0m
...第101次尝试完成闯关...
生成随机时间间隔，防止游戏服务器接口限流导致失败 : 3 s
[1;36m恭喜你! 本次闯关羊群状态成功[0m
[1;36m恭喜你! 本次闯关话题状态成功[0m
[4;32m已成功完成101次[0m
...第102次尝试完成闯关...
生成随机时间间隔，防止游戏服务器接口限流导致失败 : 4 s
[1;36m恭喜你! 本次闯关羊群状态成功[0m
[1;36m恭喜你! 本次闯关话题状态成功[0m
[4;32m已成功完成102次[0m
...第103次尝试完成闯关...
生成随机时间间隔，防止游戏服务器接口限流导致失败 : 6 s
[1;36m恭喜你! 本次闯关羊群状态成功[0m
[1;36m恭喜你! 本次闯关话题状态成功[0m
[4;32m已成功完成103次[0m
...第104次尝试完成闯关...
生成随机时间间隔，防止游戏服务器接口限流导致失败 : 3 s
[1;36m恭喜你! 本次闯关羊群状态成功[0m
[1;36m恭喜你! 本次闯关话题状态成功[0m
[4;32m已成功完成104次[0m
...第105次尝试完成闯关...
生成随机时间间隔，防止游戏服务器接口限流导致失败 : 6 s
[1;36m恭喜你! 本次闯关羊群状态成功[0m
[1;36m恭喜你! 本次闯关话题状态成功[0m
[4;32m已成功完成105次[0m
...第106次尝试完成闯关...
生成随机时间间隔，防止游戏服务器接口限流导致失败 : 2 s
[1;36m恭喜你! 本次闯关羊群状态成功[0m
[1;36m恭喜你! 本次闯关话题状态成功[0m
[4;32m已成功完成106次[0m
...第107次尝试完成闯关...
生成随机时间间隔，防止游戏服务器接口限流导致失败 : 6 s
[1;36m恭喜你! 本次闯关羊群状态成功[0m
[1;36m恭喜你! 本次闯关话题状态成功[0m
[4;32m已成功完成107次[0m
...第108次尝试完成闯关...
生成随机时间间隔，防止游戏服务器接口限流导致失败 : 4 s
[1;36m恭喜你! 本次闯关羊群状态成功[0m
[1;36m恭喜你! 本次闯关话题状态成功[0m
[4;32m已成功完成108次[0m
...第109次尝试完成闯关...
生成随机时间间隔，防止游戏服务器接口限流导致失败 : 3 s
[1;36m恭喜你! 本次闯关羊群状态成功[0m
[1;36m恭喜你! 本次闯关话题状态成功[0m
[4;32m已成功完成109次[0m
...第110次尝试完成闯关...
生成随机时间间隔，防止游戏服务器接口限流导致失败 : 3 s
[1;36m恭喜你! 本次闯关羊群状态成功[0m
[1;36m恭喜你! 本次闯关话题状态成功[0m
[4;32m已成功完成110次[0m
...第111次尝试完成闯关...
生成随机时间间隔，防止游戏服务器接口限流导致失败 : 5 s
[1;36m恭喜你! 本次闯关羊群状态成功[0m
[1;36m恭喜你! 本次闯关话题状态成功[0m
[4;32m已成功完成111次[0m
...第112次尝试完成闯关...
生成随机时间间隔，防止游戏服务器接口限流导致失败 : 2 s
[1;36m恭喜你! 本次闯关羊群状态成功[0m
[1;36m恭喜你! 本次闯关话题状态成功[0m
[4;32m已成功完成112次[0m
...第113次尝试完成闯关...
生成随机时间间隔，防止游戏服务器接口限流导致失败 : 4 s
[1;36m恭喜你! 本次闯关羊群状态成功[0m
[1;36m恭喜你! 本次闯关话题状态成功[0m
[4;32m已成功完成113次[0m
...第114次尝试完成闯关...
生成随机时间间隔，防止游戏服务器接口限流导致失败 : 4 s
[1;36m恭喜你! 本次闯关羊群状态成功[0m
[1;36m恭喜你! 本次闯关话题状态成功[0m
[4;32m已成功完成114次[0m
...第115次尝试完成闯关...
生成随机时间间隔，防止游戏服务器接口限流导致失败 : 2 s
[1;36m恭喜你! 本次闯关羊群状态成功[0m
[1;36m恭喜你! 本次闯关话题状态成功[0m
[4;32m已成功完成115次[0m
...第116次尝试完成闯关...
生成随机时间间隔，防止游戏服务器接口限流导致失败 : 6 s
[1;36m恭喜你! 本次闯关羊群状态成功[0m
[1;36m恭喜你! 本次闯关话题状态成功[0m
[4;32m已成功完成116次[0m
...第117次尝试完成闯关...
生成随机时间间隔，防止游戏服务器接口限流导致失败 : 4 s
[1;36m恭喜你! 本次闯关羊群状态成功[0m
[1;36m恭喜你! 本次闯关话题状态成功[0m
[4;32m已成功完成117次[0m
...第118次尝试完成闯关...
生成随机时间间隔，防止游戏服务器接口限流导致失败 : 5 s
[1;36m恭喜你! 本次闯关羊群状态成功[0m
[1;36m恭喜你! 本次闯关话题状态成功[0m
[4;32m已成功完成118次[0m
...第119次尝试完成闯关...
生成随机时间间隔，防止游戏服务器接口限流导致失败 : 3 s
[1;36m恭喜你! 本次闯关羊群状态成功[0m
游戏服务器响应超时或崩溃中未及时响应，缓缓吧，等待服务器恢复后再试！本次失败请忽略，错误日志: HTTPSConnectionPool(host='cat-match.easygame2021.com', port=443): Read timed out. (read timeout=10)
[4;32m已成功完成119次[0m
...第120次尝试完成闯关...
生成随机时间间隔，防止游戏服务器接口限流导致失败 : 3 s
[1;36m恭喜你! 本次闯关羊群状态成功[0m
[1;36m恭喜你! 本次闯关话题状态成功[0m
【羊了个羊一键闯关结束】
